0 info it worked if it ends with ok
1 verbose cli [ 'C:\\Program Files\\nodejs\\node.exe',
1 verbose cli   'C:\\Program Files\\nodejs\\node_modules\\npm\\bin\\npm-cli.js',
1 verbose cli   'start' ]
2 info using npm@3.10.10
3 info using node@v6.11.2
4 verbose run-script [ 'prestart', 'start', 'poststart' ]
5 info lifecycle iliteus@1.0.0~prestart: iliteus@1.0.0
6 silly lifecycle iliteus@1.0.0~prestart: no script for prestart, continuing
7 info lifecycle iliteus@1.0.0~start: iliteus@1.0.0
8 verbose lifecycle iliteus@1.0.0~start: unsafe-perm in lifecycle true
9 verbose lifecycle iliteus@1.0.0~start: PATH: C:\Program Files\nodejs\node_modules\npm\bin\node-gyp-bin;C:\Users\Nicholas C Miller\Git\iliteus\node_modules\.bin;C:\Users\Nicholas C Miller\bin;C:\Program Files\Git\mingw64\bin;C:\Program Files\Git\usr\local\bin;C:\Program Files\Git\usr\bin;C:\Program Files\Git\usr\bin;C:\Program Files\Git\mingw64\bin;C:\Program Files\Git\usr\bin;C:\Users\Nicholas C Miller\bin;C:\ProgramData\Oracle\Java\javapath;C:\Program Files (x86)\Intel\iCLS Client;C:\Program Files\Intel\iCLS Client;C:\WINDOWS\system32;C:\WINDOWS;C:\WINDOWS\System32\Wbem;C:\WINDOWS\System32\WindowsPowerShell\v1.0;C:\Program Files (x86)\Intel\Intel(R) Management Engine Components\DAL;C:\Program Files\Intel\Intel(R) Management Engine Components\DAL;C:\Program Files (x86)\Intel\Intel(R) Management Engine Components\IPT;C:\Program Files\Intel\Intel(R) Management Engine Components\IPT;C:\Program Files\Git\cmd;C:\Program Files\nodejs;C:\Program Files\Intel\WiFi\bin;C:\Program Files\Common Files\Intel\WirelessCommon;C:\Program Files (x86)\Yarn\bin;C:\Users\Nicholas C Miller\AppData\Local\Microsoft\WindowsApps;C:\Users\Nicholas C Miller\AppData\Roaming\npm;C:\Users\Nicholas C Miller\AppData\Local\atom\bin;C:\Users\Nicholas C Miller\AppData\Local\Microsoft\WindowsApps;C:\Users\Nicholas C Miller\AppData\Local\Yarn\bin;C:\Program Files\Git\usr\bin\vendor_perl;C:\Program Files\Git\usr\bin\core_perl
10 verbose lifecycle iliteus@1.0.0~start: CWD: C:\Users\Nicholas C Miller\Git\iliteus
11 silly lifecycle iliteus@1.0.0~start: Args: [ '/d /s /c', 'webpack-dev-server --progress --inline --hot' ]
12 silly lifecycle iliteus@1.0.0~start: Returned: code: 255  signal: null
13 info lifecycle iliteus@1.0.0~start: Failed to exec start script
14 verbose stack Error: iliteus@1.0.0 start: `webpack-dev-server --progress --inline --hot`
14 verbose stack Exit status 255
14 verbose stack     at EventEmitter.<anonymous> (C:\Program Files\nodejs\node_modules\npm\lib\utils\lifecycle.js:255:16)
14 verbose stack     at emitTwo (events.js:106:13)
14 verbose stack     at EventEmitter.emit (events.js:191:7)
14 verbose stack     at ChildProcess.<anonymous> (C:\Program Files\nodejs\node_modules\npm\lib\utils\spawn.js:40:14)
14 verbose stack     at emitTwo (events.js:106:13)
14 verbose stack     at ChildProcess.emit (events.js:191:7)
14 verbose stack     at maybeClose (internal/child_process.js:891:16)
14 verbose stack     at Process.ChildProcess._handle.onexit (internal/child_process.js:226:5)
15 verbose pkgid iliteus@1.0.0
16 verbose cwd C:\Users\Nicholas C Miller\Git\iliteus
17 error Windows_NT 10.0.15063
18 error argv "C:\\Program Files\\nodejs\\node.exe" "C:\\Program Files\\nodejs\\node_modules\\npm\\bin\\npm-cli.js" "start"
19 error node v6.11.2
20 error npm  v3.10.10
21 error code ELIFECYCLE
22 error iliteus@1.0.0 start: `webpack-dev-server --progress --inline --hot`
22 error Exit status 255
23 error Failed at the iliteus@1.0.0 start script 'webpack-dev-server --progress --inline --hot'.
23 error Make sure you have the latest version of node.js and npm installed.
23 error If you do, this is most likely a problem with the iliteus package,
23 error not with npm itself.
23 error Tell the author that this fails on your system:
23 error     webpack-dev-server --progress --inline --hot
23 error You can get information on how to open an issue for this project with:
23 error     npm bugs iliteus
23 error Or if that isn't available, you can get their info via:
23 error     npm owner ls iliteus
23 error There is likely additional logging output above.
24 verbose exit [ 1, true ]
